<?xml version="1.0" encoding="UTF-8"?>
<testng-results skipped="0" failed="0" total="1" passed="1">
  <reporter-output>
  </reporter-output>
  <suite name="Suite" duration-ms="16322" started-at="2017-02-25T16:22:11Z" finished-at="2017-02-25T16:22:27Z">
    <groups>
    </groups>
    <test name="Test" duration-ms="16322" started-at="2017-02-25T16:22:11Z" finished-at="2017-02-25T16:22:27Z">
      <class name="genericLibrary.Base">
        <test-method status="PASS" signature="initReports()[pri:0, instance:genericLibrary.Base@370736d9]" name="initReports" is-config="true" duration-ms="263" started-at="2017-02-25T21:52:10Z" finished-at="2017-02-25T21:52:11Z">
          <reporter-output>
          </reporter-output>
        </test-method> <!-- initReports -->
      </class> <!-- genericLibrary.Base -->
      <class name="testScripts.Scenario_Login">
        <test-method status="PASS" signature="launchApp()[pri:0, instance:testScripts.Scenario_Login@5f9d02cb]" name="launchApp" is-config="true" duration-ms="8243" started-at="2017-02-25T21:52:11Z" finished-at="2017-02-25T21:52:20Z">
          <reporter-output>
          </reporter-output>
        </test-method> <!-- launchApp -->
        <test-method status="PASS" signature="ValidLogin(java.util.Map)[pri:0, instance:testScripts.Scenario_Login@5f9d02cb]" name="ValidLogin" duration-ms="6015" started-at="2017-02-25T21:52:20Z" data-provider="commondp" finished-at="2017-02-25T21:52:26Z">
          <params>
            <param index="0">
              <value>
                <![CDATA[{Order=1.0, Script=ValidLogin, Uname=qtpworld2008@gmail.com, TC_ID=GB_07, Execute=Y, Exp_msg=Hi qtpworld2008 , Pwd=learn123}]]>
              </value>
            </param>
          </params>
          <reporter-output>
          </reporter-output>
        </test-method> <!-- ValidLogin -->
        <test-method status="PASS" signature="tearDown()[pri:0, instance:testScripts.Scenario_Login@5f9d02cb]" name="tearDown" is-config="true" duration-ms="1213" started-at="2017-02-25T21:52:26Z" finished-at="2017-02-25T21:52:27Z">
          <reporter-output>
          </reporter-output>
        </test-method> <!-- tearDown -->
      </class> <!-- testScripts.Scenario_Login -->
    </test> <!-- Test -->
  </suite> <!-- Suite -->
</testng-results>
